[2023-12-13 09:22:19 [32mINFO [0;39m] [restartedMain] [com.project.test.Application] [36mStarting Application using Java 17.0.8.1 with PID 5044 (D:\1st_project_test\target\classes started by Administrator in D:\1st_project_test)[0;39m
[2023-12-13 09:22:19 [32mINFO [0;39m] [restartedMain] [com.project.test.Application] [36mNo active profile set, falling back to 1 default profile: "default"[0;39m
[2023-12-13 09:22:19 [32mINFO [0;39m] [restartedMain] [org.springframework.boot.devtools.env.DevToolsPropertyDefaultsPostProcessor] [36mDevtools property defaults active! Set 'spring.devtools.add-properties' to 'false' to disable[0;39m
[2023-12-13 09:22:19 [32mINFO [0;39m] [restartedMain] [org.springframework.boot.devtools.env.DevToolsPropertyDefaultsPostProcessor] [36mFor additional web related logging consider setting the 'logging.level.web' property to 'DEBUG'[0;39m
[2023-12-13 09:22:19 [32mINFO [0;39m] [restartedMain] [org.springframework.boot.web.embedded.tomcat.TomcatWebServer] [36mTomcat initialized with port 8080 (http)[0;39m
[2023-12-13 09:22:19 [32mINFO [0;39m] [restartedMain] [org.apache.coyote.http11.Http11NioProtocol] [36mInitializing ProtocolHandler ["http-nio-8080"][0;39m
[2023-12-13 09:22:19 [32mINFO [0;39m] [restartedMain] [org.apache.catalina.core.StandardService] [36mStarting service [Tomcat][0;39m
[2023-12-13 09:22:19 [32mINFO [0;39m] [restartedMain] [org.apache.catalina.core.StandardEngine] [36mStarting Servlet engine: [Apache Tomcat/10.1.16][0;39m
[2023-12-13 09:22:19 [32mINFO [0;39m] [restartedMain] [org.apache.catalina.core.ContainerBase.[Tomcat].[localhost].[/]] [36mInitializing Spring embedded WebApplicationContext[0;39m
[2023-12-13 09:22:19 [32mINFO [0;39m] [restartedMain] [org.springframework.boot.web.servlet.context.ServletWebServerApplicationContext] [36mRoot WebApplicationContext: initialization completed in 825 ms[0;39m
[2023-12-13 09:22:20 [32mINFO [0;39m] [restartedMain] [org.springframework.boot.devtools.autoconfigure.OptionalLiveReloadServer] [36mLiveReload server is running on port 35729[0;39m
[2023-12-13 09:22:20 [32mINFO [0;39m] [restartedMain] [org.apache.coyote.http11.Http11NioProtocol] [36mStarting ProtocolHandler ["http-nio-8080"][0;39m
[2023-12-13 09:22:20 [32mINFO [0;39m] [restartedMain] [org.springframework.boot.web.embedded.tomcat.TomcatWebServer] [36mTomcat started on port 8080 (http) with context path ''[0;39m
[2023-12-13 09:22:20 [32mINFO [0;39m] [restartedMain] [com.project.test.Application] [36mStarted Application in 1.8 seconds (process running for 2.3)[0;39m
[2023-12-13 09:22:22 [32mINFO [0;39m] [http-nio-8080-exec-1] [org.apache.catalina.core.ContainerBase.[Tomcat].[localhost].[/]] [36mInitializing Spring DispatcherServlet 'dispatcherServlet'[0;39m
[2023-12-13 09:22:22 [32mINFO [0;39m] [http-nio-8080-exec-1] [org.springframework.web.servlet.DispatcherServlet] [36mInitializing Servlet 'dispatcherServlet'[0;39m
[2023-12-13 09:22:22 [32mINFO [0;39m] [http-nio-8080-exec-1] [org.springframework.web.servlet.DispatcherServlet] [36mCompleted initialization in 1 ms[0;39m
[2023-12-13 09:22:23 [32mINFO [0;39m] [http-nio-8080-exec-5] [org.springdoc.api.AbstractOpenApiResource] [36mInit duration for springdoc-openapi is: 162 ms[0;39m
[2023-12-13 09:23:38 [32mINFO [0;39m] [File Watcher] [org.springframework.boot.devtools.autoconfigure.LocalDevToolsAutoConfiguration$RestartingClassPathChangeChangedEventListener] [36mRestarting due to 1 class path change (0 additions, 1 deletion, 0 modifications)[0;39m
[2023-12-13 09:23:38 [32mINFO [0;39m] [Thread-5] [org.apache.coyote.http11.Http11NioProtocol] [36mStopping ProtocolHandler ["http-nio-8080"][0;39m
[2023-12-13 09:23:38 [32mINFO [0;39m] [restartedMain] [com.project.test.Application] [36mStarting Application using Java 17.0.8.1 with PID 5044 (D:\1st_project_test\target\classes started by Administrator in D:\1st_project_test)[0;39m
[2023-12-13 09:23:38 [32mINFO [0;39m] [restartedMain] [com.project.test.Application] [36mNo active profile set, falling back to 1 default profile: "default"[0;39m
[2023-12-13 09:23:38 [32mINFO [0;39m] [restartedMain] [org.springframework.boot.web.embedded.tomcat.TomcatWebServer] [36mTomcat initialized with port 8080 (http)[0;39m
[2023-12-13 09:23:38 [32mINFO [0;39m] [restartedMain] [org.apache.coyote.http11.Http11NioProtocol] [36mInitializing ProtocolHandler ["http-nio-8080"][0;39m
[2023-12-13 09:23:38 [32mINFO [0;39m] [restartedMain] [org.apache.catalina.core.StandardService] [36mStarting service [Tomcat][0;39m
[2023-12-13 09:23:38 [32mINFO [0;39m] [restartedMain] [org.apache.catalina.core.StandardEngine] [36mStarting Servlet engine: [Apache Tomcat/10.1.16][0;39m
[2023-12-13 09:23:38 [32mINFO [0;39m] [restartedMain] [org.apache.catalina.core.ContainerBase.[Tomcat].[localhost].[/]] [36mInitializing Spring embedded WebApplicationContext[0;39m
[2023-12-13 09:23:38 [32mINFO [0;39m] [restartedMain] [org.springframework.boot.web.servlet.context.ServletWebServerApplicationContext] [36mRoot WebApplicationContext: initialization completed in 191 ms[0;39m
[2023-12-13 09:23:38 [32mINFO [0;39m] [restartedMain] [org.springframework.boot.devtools.autoconfigure.OptionalLiveReloadServer] [36mLiveReload server is running on port 35729[0;39m
[2023-12-13 09:23:38 [32mINFO [0;39m] [restartedMain] [org.apache.coyote.http11.Http11NioProtocol] [36mStarting ProtocolHandler ["http-nio-8080"][0;39m
[2023-12-13 09:23:38 [32mINFO [0;39m] [restartedMain] [org.springframework.boot.web.embedded.tomcat.TomcatWebServer] [36mTomcat started on port 8080 (http) with context path ''[0;39m
[2023-12-13 09:23:38 [32mINFO [0;39m] [restartedMain] [com.project.test.Application] [36mStarted Application in 0.343 seconds (process running for 80.28)[0;39m
[2023-12-13 09:23:38 [32mINFO [0;39m] [restartedMain] [org.springframework.boot.devtools.autoconfigure.ConditionEvaluationDeltaLoggingListener] [36mCondition evaluation unchanged[0;39m
[2023-12-13 09:23:39 [32mINFO [0;39m] [File Watcher] [org.springframework.boot.devtools.autoconfigure.LocalDevToolsAutoConfiguration$RestartingClassPathChangeChangedEventListener] [36mRestarting due to 1 class path change (1 addition, 0 deletions, 0 modifications)[0;39m
[2023-12-13 09:23:39 [32mINFO [0;39m] [Thread-7] [org.apache.coyote.http11.Http11NioProtocol] [36mStopping ProtocolHandler ["http-nio-8080"][0;39m
[2023-12-13 09:23:39 [32mINFO [0;39m] [restartedMain] [com.project.test.Application] [36mStarting Application using Java 17.0.8.1 with PID 5044 (D:\1st_project_test\target\classes started by Administrator in D:\1st_project_test)[0;39m
[2023-12-13 09:23:39 [32mINFO [0;39m] [restartedMain] [com.project.test.Application] [36mNo active profile set, falling back to 1 default profile: "default"[0;39m
[2023-12-13 09:23:40 [32mINFO [0;39m] [restartedMain] [org.springframework.boot.web.embedded.tomcat.TomcatWebServer] [36mTomcat initialized with port 8080 (http)[0;39m
[2023-12-13 09:23:40 [32mINFO [0;39m] [restartedMain] [org.apache.coyote.http11.Http11NioProtocol] [36mInitializing ProtocolHandler ["http-nio-8080"][0;39m
[2023-12-13 09:23:40 [32mINFO [0;39m] [restartedMain] [org.apache.catalina.core.StandardService] [36mStarting service [Tomcat][0;39m
[2023-12-13 09:23:40 [32mINFO [0;39m] [restartedMain] [org.apache.catalina.core.StandardEngine] [36mStarting Servlet engine: [Apache Tomcat/10.1.16][0;39m
[2023-12-13 09:23:40 [32mINFO [0;39m] [restartedMain] [org.apache.catalina.core.ContainerBase.[Tomcat].[localhost].[/]] [36mInitializing Spring embedded WebApplicationContext[0;39m
[2023-12-13 09:23:40 [32mINFO [0;39m] [restartedMain] [org.springframework.boot.web.servlet.context.ServletWebServerApplicationContext] [36mRoot WebApplicationContext: initialization completed in 154 ms[0;39m
[2023-12-13 09:23:40 [32mINFO [0;39m] [restartedMain] [org.springframework.boot.devtools.autoconfigure.OptionalLiveReloadServer] [36mLiveReload server is running on port 35729[0;39m
[2023-12-13 09:23:40 [32mINFO [0;39m] [restartedMain] [org.apache.coyote.http11.Http11NioProtocol] [36mStarting ProtocolHandler ["http-nio-8080"][0;39m
[2023-12-13 09:23:40 [32mINFO [0;39m] [restartedMain] [org.springframework.boot.web.embedded.tomcat.TomcatWebServer] [36mTomcat started on port 8080 (http) with context path ''[0;39m
[2023-12-13 09:23:40 [32mINFO [0;39m] [restartedMain] [com.project.test.Application] [36mStarted Application in 0.285 seconds (process running for 82.015)[0;39m
[2023-12-13 09:23:40 [32mINFO [0;39m] [restartedMain] [org.springframework.boot.devtools.autoconfigure.ConditionEvaluationDeltaLoggingListener] [36mCondition evaluation unchanged[0;39m
[2023-12-13 09:35:49 [32mINFO [0;39m] [restartedMain] [com.project.test.Application] [36mStarting Application using Java 17.0.8.1 with PID 6300 (D:\1st_project_test\target\classes started by Administrator in D:\1st_project_test)[0;39m
[2023-12-13 09:35:49 [32mINFO [0;39m] [restartedMain] [com.project.test.Application] [36mNo active profile set, falling back to 1 default profile: "default"[0;39m
[2023-12-13 09:35:49 [32mINFO [0;39m] [restartedMain] [org.springframework.boot.devtools.env.DevToolsPropertyDefaultsPostProcessor] [36mDevtools property defaults active! Set 'spring.devtools.add-properties' to 'false' to disable[0;39m
[2023-12-13 09:35:49 [32mINFO [0;39m] [restartedMain] [org.springframework.boot.devtools.env.DevToolsPropertyDefaultsPostProcessor] [36mFor additional web related logging consider setting the 'logging.level.web' property to 'DEBUG'[0;39m
[2023-12-13 09:35:50 [32mINFO [0;39m] [restartedMain] [org.springframework.boot.web.embedded.tomcat.TomcatWebServer] [36mTomcat initialized with port 8080 (http)[0;39m
[2023-12-13 09:35:50 [32mINFO [0;39m] [restartedMain] [org.apache.coyote.http11.Http11NioProtocol] [36mInitializing ProtocolHandler ["http-nio-8080"][0;39m
[2023-12-13 09:35:50 [32mINFO [0;39m] [restartedMain] [org.apache.catalina.core.StandardService] [36mStarting service [Tomcat][0;39m
[2023-12-13 09:35:50 [32mINFO [0;39m] [restartedMain] [org.apache.catalina.core.StandardEngine] [36mStarting Servlet engine: [Apache Tomcat/10.1.16][0;39m
[2023-12-13 09:35:50 [32mINFO [0;39m] [restartedMain] [org.apache.catalina.core.ContainerBase.[Tomcat].[localhost].[/]] [36mInitializing Spring embedded WebApplicationContext[0;39m
[2023-12-13 09:35:50 [32mINFO [0;39m] [restartedMain] [org.springframework.boot.web.servlet.context.ServletWebServerApplicationContext] [36mRoot WebApplicationContext: initialization completed in 854 ms[0;39m
[2023-12-13 09:35:51 [32mINFO [0;39m] [restartedMain] [org.springframework.boot.devtools.autoconfigure.OptionalLiveReloadServer] [36mLiveReload server is running on port 35729[0;39m
[2023-12-13 09:35:51 [32mINFO [0;39m] [restartedMain] [org.apache.coyote.http11.Http11NioProtocol] [36mStarting ProtocolHandler ["http-nio-8080"][0;39m
[2023-12-13 09:35:51 [32mINFO [0;39m] [restartedMain] [org.springframework.boot.web.embedded.tomcat.TomcatWebServer] [36mTomcat started on port 8080 (http) with context path ''[0;39m
[2023-12-13 09:35:51 [32mINFO [0;39m] [restartedMain] [com.project.test.Application] [36mStarted Application in 1.724 seconds (process running for 2.111)[0;39m
[2023-12-13 09:35:51 [32mINFO [0;39m] [http-nio-8080-exec-1] [org.apache.catalina.core.ContainerBase.[Tomcat].[localhost].[/]] [36mInitializing Spring DispatcherServlet 'dispatcherServlet'[0;39m
[2023-12-13 09:35:51 [32mINFO [0;39m] [http-nio-8080-exec-1] [org.springframework.web.servlet.DispatcherServlet] [36mInitializing Servlet 'dispatcherServlet'[0;39m
[2023-12-13 09:35:51 [32mINFO [0;39m] [http-nio-8080-exec-1] [org.springframework.web.servlet.DispatcherServlet] [36mCompleted initialization in 0 ms[0;39m
[2023-12-13 09:35:51 [32mINFO [0;39m] [http-nio-8080-exec-3] [org.springdoc.api.AbstractOpenApiResource] [36mInit duration for springdoc-openapi is: 147 ms[0;39m
[2023-12-13 09:36:07 [32mINFO [0;39m] [http-nio-8080-exec-4] [com.zaxxer.hikari.HikariDataSource] [36mHikariPool-1 - Starting...[0;39m
[2023-12-13 09:36:07 [32mINFO [0;39m] [http-nio-8080-exec-4] [com.zaxxer.hikari.pool.HikariPool] [36mHikariPool-1 - Added connection org.mariadb.jdbc.Connection@ed691e0[0;39m
[2023-12-13 09:36:07 [32mINFO [0;39m] [http-nio-8080-exec-4] [com.zaxxer.hikari.HikariDataSource] [36mHikariPool-1 - Start completed.[0;39m
[2023-12-13 09:54:15 [32mINFO [0;39m] [File Watcher] [org.springframework.boot.devtools.autoconfigure.LocalDevToolsAutoConfiguration$RestartingClassPathChangeChangedEventListener] [36mRestarting due to 1 class path change (0 additions, 1 deletion, 0 modifications)[0;39m
[2023-12-13 09:54:15 [32mINFO [0;39m] [Thread-5] [org.apache.coyote.http11.Http11NioProtocol] [36mStopping ProtocolHandler ["http-nio-8080"][0;39m
[2023-12-13 09:54:15 [32mINFO [0;39m] [Thread-5] [com.zaxxer.hikari.HikariDataSource] [36mHikariPool-1 - Shutdown initiated...[0;39m
[2023-12-13 09:54:15 [32mINFO [0;39m] [Thread-5] [com.zaxxer.hikari.HikariDataSource] [36mHikariPool-1 - Shutdown completed.[0;39m
[2023-12-13 09:54:15 [32mINFO [0;39m] [restartedMain] [com.project.test.Application] [36mStarting Application using Java 17.0.8.1 with PID 6300 (D:\1st_project_test\target\classes started by Administrator in D:\1st_project_test)[0;39m
[2023-12-13 09:54:15 [32mINFO [0;39m] [restartedMain] [com.project.test.Application] [36mNo active profile set, falling back to 1 default profile: "default"[0;39m
[2023-12-13 09:54:15 [32mINFO [0;39m] [restartedMain] [org.springframework.boot.web.embedded.tomcat.TomcatWebServer] [36mTomcat initialized with port 8080 (http)[0;39m
[2023-12-13 09:54:15 [32mINFO [0;39m] [restartedMain] [org.apache.coyote.http11.Http11NioProtocol] [36mInitializing ProtocolHandler ["http-nio-8080"][0;39m
[2023-12-13 09:54:15 [32mINFO [0;39m] [restartedMain] [org.apache.catalina.core.StandardService] [36mStarting service [Tomcat][0;39m
[2023-12-13 09:54:15 [32mINFO [0;39m] [restartedMain] [org.apache.catalina.core.StandardEngine] [36mStarting Servlet engine: [Apache Tomcat/10.1.16][0;39m
[2023-12-13 09:54:15 [32mINFO [0;39m] [restartedMain] [org.apache.catalina.core.ContainerBase.[Tomcat].[localhost].[/]] [36mInitializing Spring embedded WebApplicationContext[0;39m
[2023-12-13 09:54:15 [32mINFO [0;39m] [restartedMain] [org.springframework.boot.web.servlet.context.ServletWebServerApplicationContext] [36mRoot WebApplicationContext: initialization completed in 168 ms[0;39m
[2023-12-13 09:54:15 [32mINFO [0;39m] [restartedMain] [org.springframework.boot.devtools.autoconfigure.OptionalLiveReloadServer] [36mLiveReload server is running on port 35729[0;39m
[2023-12-13 09:54:15 [32mINFO [0;39m] [restartedMain] [org.apache.coyote.http11.Http11NioProtocol] [36mStarting ProtocolHandler ["http-nio-8080"][0;39m
[2023-12-13 09:54:15 [32mINFO [0;39m] [restartedMain] [org.springframework.boot.web.embedded.tomcat.TomcatWebServer] [36mTomcat started on port 8080 (http) with context path ''[0;39m
[2023-12-13 09:54:15 [32mINFO [0;39m] [restartedMain] [com.project.test.Application] [36mStarted Application in 0.31 seconds (process running for 1106.692)[0;39m
[2023-12-13 09:54:15 [32mINFO [0;39m] [restartedMain] [org.springframework.boot.devtools.autoconfigure.ConditionEvaluationDeltaLoggingListener] [36mCondition evaluation unchanged[0;39m
[2023-12-13 09:57:43 [32mINFO [0;39m] [restartedMain] [com.project.test.Application] [36mStarting Application using Java 17.0.8.1 with PID 6200 (D:\1st_project_test\target\classes started by Administrator in D:\1st_project_test)[0;39m
[2023-12-13 09:57:43 [32mINFO [0;39m] [restartedMain] [com.project.test.Application] [36mNo active profile set, falling back to 1 default profile: "default"[0;39m
[2023-12-13 09:57:43 [32mINFO [0;39m] [restartedMain] [org.springframework.boot.devtools.env.DevToolsPropertyDefaultsPostProcessor] [36mDevtools property defaults active! Set 'spring.devtools.add-properties' to 'false' to disable[0;39m
[2023-12-13 09:57:43 [32mINFO [0;39m] [restartedMain] [org.springframework.boot.devtools.env.DevToolsPropertyDefaultsPostProcessor] [36mFor additional web related logging consider setting the 'logging.level.web' property to 'DEBUG'[0;39m
[2023-12-13 09:57:44 [32mINFO [0;39m] [restartedMain] [org.springframework.boot.web.embedded.tomcat.TomcatWebServer] [36mTomcat initialized with port 8080 (http)[0;39m
[2023-12-13 09:57:44 [32mINFO [0;39m] [restartedMain] [org.apache.coyote.http11.Http11NioProtocol] [36mInitializing ProtocolHandler ["http-nio-8080"][0;39m
[2023-12-13 09:57:44 [32mINFO [0;39m] [restartedMain] [org.apache.catalina.core.StandardService] [36mStarting service [Tomcat][0;39m
[2023-12-13 09:57:44 [32mINFO [0;39m] [restartedMain] [org.apache.catalina.core.StandardEngine] [36mStarting Servlet engine: [Apache Tomcat/10.1.16][0;39m
[2023-12-13 09:57:44 [32mINFO [0;39m] [restartedMain] [org.apache.catalina.core.ContainerBase.[Tomcat].[localhost].[/]] [36mInitializing Spring embedded WebApplicationContext[0;39m
[2023-12-13 09:57:44 [32mINFO [0;39m] [restartedMain] [org.springframework.boot.web.servlet.context.ServletWebServerApplicationContext] [36mRoot WebApplicationContext: initialization completed in 713 ms[0;39m
[2023-12-13 09:57:44 [32mINFO [0;39m] [restartedMain] [org.springframework.boot.devtools.autoconfigure.OptionalLiveReloadServer] [36mLiveReload server is running on port 35729[0;39m
[2023-12-13 09:57:44 [32mINFO [0;39m] [restartedMain] [org.apache.coyote.http11.Http11NioProtocol] [36mStarting ProtocolHandler ["http-nio-8080"][0;39m
[2023-12-13 09:57:44 [32mINFO [0;39m] [restartedMain] [org.springframework.boot.web.embedded.tomcat.TomcatWebServer] [36mTomcat started on port 8080 (http) with context path ''[0;39m
[2023-12-13 09:57:44 [32mINFO [0;39m] [restartedMain] [com.project.test.Application] [36mStarted Application in 1.539 seconds (process running for 1.92)[0;39m
[2023-12-13 09:57:46 [32mINFO [0;39m] [http-nio-8080-exec-1] [org.apache.catalina.core.ContainerBase.[Tomcat].[localhost].[/]] [36mInitializing Spring DispatcherServlet 'dispatcherServlet'[0;39m
[2023-12-13 09:57:46 [32mINFO [0;39m] [http-nio-8080-exec-1] [org.springframework.web.servlet.DispatcherServlet] [36mInitializing Servlet 'dispatcherServlet'[0;39m
[2023-12-13 09:57:46 [32mINFO [0;39m] [http-nio-8080-exec-1] [org.springframework.web.servlet.DispatcherServlet] [36mCompleted initialization in 1 ms[0;39m
[2023-12-13 09:57:47 [32mINFO [0;39m] [http-nio-8080-exec-7] [org.springdoc.api.AbstractOpenApiResource] [36mInit duration for springdoc-openapi is: 144 ms[0;39m
[2023-12-13 09:58:03 [32mINFO [0;39m] [http-nio-8080-exec-9] [com.zaxxer.hikari.HikariDataSource] [36mHikariPool-1 - Starting...[0;39m
[2023-12-13 09:58:03 [32mINFO [0;39m] [http-nio-8080-exec-9] [com.zaxxer.hikari.pool.HikariPool] [36mHikariPool-1 - Added connection org.mariadb.jdbc.Connection@473d2fe8[0;39m
[2023-12-13 09:58:03 [32mINFO [0;39m] [http-nio-8080-exec-9] [com.zaxxer.hikari.HikariDataSource] [36mHikariPool-1 - Start completed.[0;39m
[2023-12-13 09:59:26 [32mINFO [0;39m] [SpringApplicationShutdownHook] [com.zaxxer.hikari.HikariDataSource] [36mHikariPool-1 - Shutdown initiated...[0;39m
[2023-12-13 09:59:26 [32mINFO [0;39m] [SpringApplicationShutdownHook] [com.zaxxer.hikari.HikariDataSource] [36mHikariPool-1 - Shutdown completed.[0;39m
[2023-12-13 09:59:29 [32mINFO [0;39m] [restartedMain] [com.project.test.Application] [36mStarting Application using Java 17.0.8.1 with PID 3124 (D:\1st_project_test\target\classes started by Administrator in D:\1st_project_test)[0;39m
[2023-12-13 09:59:29 [32mINFO [0;39m] [restartedMain] [com.project.test.Application] [36mNo active profile set, falling back to 1 default profile: "default"[0;39m
[2023-12-13 09:59:29 [32mINFO [0;39m] [restartedMain] [org.springframework.boot.devtools.env.DevToolsPropertyDefaultsPostProcessor] [36mDevtools property defaults active! Set 'spring.devtools.add-properties' to 'false' to disable[0;39m
[2023-12-13 09:59:29 [32mINFO [0;39m] [restartedMain] [org.springframework.boot.devtools.env.DevToolsPropertyDefaultsPostProcessor] [36mFor additional web related logging consider setting the 'logging.level.web' property to 'DEBUG'[0;39m
[2023-12-13 09:59:29 [32mINFO [0;39m] [restartedMain] [org.springframework.boot.web.embedded.tomcat.TomcatWebServer] [36mTomcat initialized with port 8080 (http)[0;39m
[2023-12-13 09:59:29 [32mINFO [0;39m] [restartedMain] [org.apache.coyote.http11.Http11NioProtocol] [36mInitializing ProtocolHandler ["http-nio-8080"][0;39m
[2023-12-13 09:59:29 [32mINFO [0;39m] [restartedMain] [org.apache.catalina.core.StandardService] [36mStarting service [Tomcat][0;39m
[2023-12-13 09:59:29 [32mINFO [0;39m] [restartedMain] [org.apache.catalina.core.StandardEngine] [36mStarting Servlet engine: [Apache Tomcat/10.1.16][0;39m
[2023-12-13 09:59:29 [32mINFO [0;39m] [restartedMain] [org.apache.catalina.core.ContainerBase.[Tomcat].[localhost].[/]] [36mInitializing Spring embedded WebApplicationContext[0;39m
[2023-12-13 09:59:29 [32mINFO [0;39m] [restartedMain] [org.springframework.boot.web.servlet.context.ServletWebServerApplicationContext] [36mRoot WebApplicationContext: initialization completed in 791 ms[0;39m
[2023-12-13 09:59:30 [32mINFO [0;39m] [restartedMain] [org.springframework.boot.devtools.autoconfigure.OptionalLiveReloadServer] [36mLiveReload server is running on port 35729[0;39m
[2023-12-13 09:59:30 [32mINFO [0;39m] [restartedMain] [org.apache.coyote.http11.Http11NioProtocol] [36mStarting ProtocolHandler ["http-nio-8080"][0;39m
[2023-12-13 09:59:30 [32mINFO [0;39m] [restartedMain] [org.springframework.boot.web.embedded.tomcat.TomcatWebServer] [36mTomcat started on port 8080 (http) with context path ''[0;39m
[2023-12-13 09:59:30 [32mINFO [0;39m] [restartedMain] [com.project.test.Application] [36mStarted Application in 1.637 seconds (process running for 1.992)[0;39m
[2023-12-13 09:59:30 [32mINFO [0;39m] [http-nio-8080-exec-1] [org.apache.catalina.core.ContainerBase.[Tomcat].[localhost].[/]] [36mInitializing Spring DispatcherServlet 'dispatcherServlet'[0;39m
[2023-12-13 09:59:30 [32mINFO [0;39m] [http-nio-8080-exec-1] [org.springframework.web.servlet.DispatcherServlet] [36mInitializing Servlet 'dispatcherServlet'[0;39m
[2023-12-13 09:59:30 [32mINFO [0;39m] [http-nio-8080-exec-1] [org.springframework.web.servlet.DispatcherServlet] [36mCompleted initialization in 1 ms[0;39m
[2023-12-13 09:59:30 [32mINFO [0;39m] [http-nio-8080-exec-8] [org.springdoc.api.AbstractOpenApiResource] [36mInit duration for springdoc-openapi is: 151 ms[0;39m
[2023-12-13 10:00:17 [32mINFO [0;39m] [restartedMain] [com.project.test.Application] [36mStarting Application using Java 17.0.8.1 with PID 9424 (D:\1st_project_test\target\classes started by Administrator in D:\1st_project_test)[0;39m
[2023-12-13 10:00:17 [32mINFO [0;39m] [restartedMain] [com.project.test.Application] [36mNo active profile set, falling back to 1 default profile: "default"[0;39m
[2023-12-13 10:00:17 [32mINFO [0;39m] [restartedMain] [org.springframework.boot.devtools.env.DevToolsPropertyDefaultsPostProcessor] [36mDevtools property defaults active! Set 'spring.devtools.add-properties' to 'false' to disable[0;39m
[2023-12-13 10:00:17 [32mINFO [0;39m] [restartedMain] [org.springframework.boot.devtools.env.DevToolsPropertyDefaultsPostProcessor] [36mFor additional web related logging consider setting the 'logging.level.web' property to 'DEBUG'[0;39m
[2023-12-13 10:00:18 [32mINFO [0;39m] [restartedMain] [org.springframework.boot.web.embedded.tomcat.TomcatWebServer] [36mTomcat initialized with port 8080 (http)[0;39m
[2023-12-13 10:00:18 [32mINFO [0;39m] [restartedMain] [org.apache.coyote.http11.Http11NioProtocol] [36mInitializing ProtocolHandler ["http-nio-8080"][0;39m
[2023-12-13 10:00:18 [32mINFO [0;39m] [restartedMain] [org.apache.catalina.core.StandardService] [36mStarting service [Tomcat][0;39m
[2023-12-13 10:00:18 [32mINFO [0;39m] [restartedMain] [org.apache.catalina.core.StandardEngine] [36mStarting Servlet engine: [Apache Tomcat/10.1.16][0;39m
[2023-12-13 10:00:18 [32mINFO [0;39m] [restartedMain] [org.apache.catalina.core.ContainerBase.[Tomcat].[localhost].[/]] [36mInitializing Spring embedded WebApplicationContext[0;39m
[2023-12-13 10:00:18 [32mINFO [0;39m] [restartedMain] [org.springframework.boot.web.servlet.context.ServletWebServerApplicationContext] [36mRoot WebApplicationContext: initialization completed in 726 ms[0;39m
[2023-12-13 10:00:19 [32mINFO [0;39m] [restartedMain] [org.springframework.boot.devtools.autoconfigure.OptionalLiveReloadServer] [36mLiveReload server is running on port 35729[0;39m
[2023-12-13 10:00:19 [32mINFO [0;39m] [restartedMain] [org.apache.coyote.http11.Http11NioProtocol] [36mStarting ProtocolHandler ["http-nio-8080"][0;39m
[2023-12-13 10:00:19 [32mINFO [0;39m] [restartedMain] [org.springframework.boot.web.embedded.tomcat.TomcatWebServer] [36mTomcat started on port 8080 (http) with context path ''[0;39m
[2023-12-13 10:00:19 [32mINFO [0;39m] [restartedMain] [com.project.test.Application] [36mStarted Application in 1.547 seconds (process running for 1.916)[0;39m
[2023-12-13 10:00:19 [32mINFO [0;39m] [http-nio-8080-exec-1] [org.apache.catalina.core.ContainerBase.[Tomcat].[localhost].[/]] [36mInitializing Spring DispatcherServlet 'dispatcherServlet'[0;39m
[2023-12-13 10:00:19 [32mINFO [0;39m] [http-nio-8080-exec-1] [org.springframework.web.servlet.DispatcherServlet] [36mInitializing Servlet 'dispatcherServlet'[0;39m
[2023-12-13 10:00:19 [32mINFO [0;39m] [http-nio-8080-exec-1] [org.springframework.web.servlet.DispatcherServlet] [36mCompleted initialization in 1 ms[0;39m
[2023-12-13 10:00:19 [32mINFO [0;39m] [http-nio-8080-exec-7] [org.springdoc.api.AbstractOpenApiResource] [36mInit duration for springdoc-openapi is: 148 ms[0;39m
[2023-12-13 11:13:12 [32mINFO [0;39m] [restartedMain] [com.project.test.Application] [36mStarting Application using Java 17.0.8.1 with PID 10420 (D:\1st_project_test\target\classes started by Administrator in D:\1st_project_test)[0;39m
[2023-12-13 11:13:12 [32mINFO [0;39m] [restartedMain] [com.project.test.Application] [36mNo active profile set, falling back to 1 default profile: "default"[0;39m
[2023-12-13 11:13:12 [32mINFO [0;39m] [restartedMain] [org.springframework.boot.devtools.env.DevToolsPropertyDefaultsPostProcessor] [36mDevtools property defaults active! Set 'spring.devtools.add-properties' to 'false' to disable[0;39m
[2023-12-13 11:13:12 [32mINFO [0;39m] [restartedMain] [org.springframework.boot.devtools.env.DevToolsPropertyDefaultsPostProcessor] [36mFor additional web related logging consider setting the 'logging.level.web' property to 'DEBUG'[0;39m
[2023-12-13 11:13:12 [32mINFO [0;39m] [restartedMain] [org.springframework.boot.web.embedded.tomcat.TomcatWebServer] [36mTomcat initialized with port 8080 (http)[0;39m
[2023-12-13 11:13:12 [32mINFO [0;39m] [restartedMain] [org.apache.coyote.http11.Http11NioProtocol] [36mInitializing ProtocolHandler ["http-nio-8080"][0;39m
[2023-12-13 11:13:12 [32mINFO [0;39m] [restartedMain] [org.apache.catalina.core.StandardService] [36mStarting service [Tomcat][0;39m
[2023-12-13 11:13:12 [32mINFO [0;39m] [restartedMain] [org.apache.catalina.core.StandardEngine] [36mStarting Servlet engine: [Apache Tomcat/10.1.16][0;39m
[2023-12-13 11:13:12 [32mINFO [0;39m] [restartedMain] [org.apache.catalina.core.ContainerBase.[Tomcat].[localhost].[/]] [36mInitializing Spring embedded WebApplicationContext[0;39m
[2023-12-13 11:13:12 [32mINFO [0;39m] [restartedMain] [org.springframework.boot.web.servlet.context.ServletWebServerApplicationContext] [36mRoot WebApplicationContext: initialization completed in 718 ms[0;39m
[2023-12-13 11:13:13 [32mINFO [0;39m] [restartedMain] [org.springframework.boot.devtools.autoconfigure.OptionalLiveReloadServer] [36mLiveReload server is running on port 35729[0;39m
[2023-12-13 11:13:13 [32mINFO [0;39m] [restartedMain] [org.apache.coyote.http11.Http11NioProtocol] [36mStarting ProtocolHandler ["http-nio-8080"][0;39m
[2023-12-13 11:13:13 [32mINFO [0;39m] [restartedMain] [org.springframework.boot.web.embedded.tomcat.TomcatWebServer] [36mTomcat started on port 8080 (http) with context path ''[0;39m
[2023-12-13 11:13:13 [32mINFO [0;39m] [restartedMain] [com.project.test.Application] [36mStarted Application in 1.541 seconds (process running for 1.898)[0;39m
[2023-12-13 11:13:18 [32mINFO [0;39m] [http-nio-8080-exec-1] [org.apache.catalina.core.ContainerBase.[Tomcat].[localhost].[/]] [36mInitializing Spring DispatcherServlet 'dispatcherServlet'[0;39m
[2023-12-13 11:13:18 [32mINFO [0;39m] [http-nio-8080-exec-1] [org.springframework.web.servlet.DispatcherServlet] [36mInitializing Servlet 'dispatcherServlet'[0;39m
[2023-12-13 11:13:18 [32mINFO [0;39m] [http-nio-8080-exec-1] [org.springframework.web.servlet.DispatcherServlet] [36mCompleted initialization in 1 ms[0;39m
[2023-12-13 11:13:18 [32mINFO [0;39m] [http-nio-8080-exec-4] [org.springdoc.api.AbstractOpenApiResource] [36mInit duration for springdoc-openapi is: 151 ms[0;39m
[2023-12-13 11:16:05 [32mINFO [0;39m] [File Watcher] [org.springframework.boot.devtools.autoconfigure.LocalDevToolsAutoConfiguration$RestartingClassPathChangeChangedEventListener] [36mRestarting due to 2 class path changes (0 additions, 2 deletions, 0 modifications)[0;39m
[2023-12-13 11:16:05 [32mINFO [0;39m] [Thread-5] [org.apache.coyote.http11.Http11NioProtocol] [36mStopping ProtocolHandler ["http-nio-8080"][0;39m
[2023-12-13 11:16:05 [32mINFO [0;39m] [restartedMain] [com.project.test.Application] [36mStarting Application using Java 17.0.8.1 with PID 10420 (D:\1st_project_test\target\classes started by Administrator in D:\1st_project_test)[0;39m
[2023-12-13 11:16:05 [32mINFO [0;39m] [restartedMain] [com.project.test.Application] [36mNo active profile set, falling back to 1 default profile: "default"[0;39m
[2023-12-13 11:16:05 [32mINFO [0;39m] [restartedMain] [org.springframework.boot.web.embedded.tomcat.TomcatWebServer] [36mTomcat initialized with port 8080 (http)[0;39m
[2023-12-13 11:16:05 [32mINFO [0;39m] [restartedMain] [org.apache.coyote.http11.Http11NioProtocol] [36mInitializing ProtocolHandler ["http-nio-8080"][0;39m
[2023-12-13 11:16:05 [32mINFO [0;39m] [restartedMain] [org.apache.catalina.core.StandardService] [36mStarting service [Tomcat][0;39m
[2023-12-13 11:16:05 [32mINFO [0;39m] [restartedMain] [org.apache.catalina.core.StandardEngine] [36mStarting Servlet engine: [Apache Tomcat/10.1.16][0;39m
[2023-12-13 11:16:05 [32mINFO [0;39m] [restartedMain] [org.apache.catalina.core.ContainerBase.[Tomcat].[localhost].[/]] [36mInitializing Spring embedded WebApplicationContext[0;39m
[2023-12-13 11:16:05 [32mINFO [0;39m] [restartedMain] [org.springframework.boot.web.servlet.context.ServletWebServerApplicationContext] [36mRoot WebApplicationContext: initialization completed in 183 ms[0;39m
[2023-12-13 11:16:05 [32mINFO [0;39m] [restartedMain] [org.springframework.boot.devtools.autoconfigure.OptionalLiveReloadServer] [36mLiveReload server is running on port 35729[0;39m
[2023-12-13 11:16:05 [32mINFO [0;39m] [restartedMain] [org.apache.coyote.http11.Http11NioProtocol] [36mStarting ProtocolHandler ["http-nio-8080"][0;39m
[2023-12-13 11:16:05 [32mINFO [0;39m] [restartedMain] [org.springframework.boot.web.embedded.tomcat.TomcatWebServer] [36mTomcat started on port 8080 (http) with context path ''[0;39m
[2023-12-13 11:16:05 [32mINFO [0;39m] [restartedMain] [com.project.test.Application] [36mStarted Application in 0.33 seconds (process running for 174.195)[0;39m
[2023-12-13 11:16:05 [32mINFO [0;39m] [restartedMain] [org.springframework.boot.devtools.autoconfigure.ConditionEvaluationDeltaLoggingListener] [36mCondition evaluation unchanged[0;39m
[2023-12-13 11:16:07 [32mINFO [0;39m] [File Watcher] [org.springframework.boot.devtools.autoconfigure.LocalDevToolsAutoConfiguration$RestartingClassPathChangeChangedEventListener] [36mRestarting due to 2 class path changes (2 additions, 0 deletions, 0 modifications)[0;39m
[2023-12-13 11:16:07 [32mINFO [0;39m] [Thread-7] [org.apache.coyote.http11.Http11NioProtocol] [36mStopping ProtocolHandler ["http-nio-8080"][0;39m
[2023-12-13 11:16:07 [32mINFO [0;39m] [restartedMain] [com.project.test.Application] [36mStarting Application using Java 17.0.8.1 with PID 10420 (D:\1st_project_test\target\classes started by Administrator in D:\1st_project_test)[0;39m
[2023-12-13 11:16:07 [32mINFO [0;39m] [restartedMain] [com.project.test.Application] [36mNo active profile set, falling back to 1 default profile: "default"[0;39m
[2023-12-13 11:16:07 [32mINFO [0;39m] [restartedMain] [org.springframework.boot.web.embedded.tomcat.TomcatWebServer] [36mTomcat initialized with port 8080 (http)[0;39m
[2023-12-13 11:16:07 [32mINFO [0;39m] [restartedMain] [org.apache.coyote.http11.Http11NioProtocol] [36mInitializing ProtocolHandler ["http-nio-8080"][0;39m
[2023-12-13 11:16:07 [32mINFO [0;39m] [restartedMain] [org.apache.catalina.core.StandardService] [36mStarting service [Tomcat][0;39m
[2023-12-13 11:16:07 [32mINFO [0;39m] [restartedMain] [org.apache.catalina.core.StandardEngine] [36mStarting Servlet engine: [Apache Tomcat/10.1.16][0;39m
[2023-12-13 11:16:07 [32mINFO [0;39m] [restartedMain] [org.apache.catalina.core.ContainerBase.[Tomcat].[localhost].[/]] [36mInitializing Spring embedded WebApplicationContext[0;39m
[2023-12-13 11:16:07 [32mINFO [0;39m] [restartedMain] [org.springframework.boot.web.servlet.context.ServletWebServerApplicationContext] [36mRoot WebApplicationContext: initialization completed in 149 ms[0;39m
[2023-12-13 11:16:07 [32mINFO [0;39m] [restartedMain] [org.springframework.boot.devtools.autoconfigure.OptionalLiveReloadServer] [36mLiveReload server is running on port 35729[0;39m
[2023-12-13 11:16:07 [32mINFO [0;39m] [restartedMain] [org.apache.coyote.http11.Http11NioProtocol] [36mStarting ProtocolHandler ["http-nio-8080"][0;39m
[2023-12-13 11:16:07 [32mINFO [0;39m] [restartedMain] [org.springframework.boot.web.embedded.tomcat.TomcatWebServer] [36mTomcat started on port 8080 (http) with context path ''[0;39m
[2023-12-13 11:16:07 [32mINFO [0;39m] [restartedMain] [com.project.test.Application] [36mStarted Application in 0.267 seconds (process running for 175.924)[0;39m
[2023-12-13 11:16:07 [32mINFO [0;39m] [restartedMain] [org.springframework.boot.devtools.autoconfigure.ConditionEvaluationDeltaLoggingListener] [36mCondition evaluation unchanged[0;39m
[2023-12-13 11:17:25 [32mINFO [0;39m] [File Watcher] [org.springframework.boot.devtools.autoconfigure.LocalDevToolsAutoConfiguration$RestartingClassPathChangeChangedEventListener] [36mRestarting due to 1 class path change (0 additions, 1 deletion, 0 modifications)[0;39m
[2023-12-13 11:17:25 [32mINFO [0;39m] [Thread-11] [org.apache.coyote.http11.Http11NioProtocol] [36mStopping ProtocolHandler ["http-nio-8080"][0;39m
[2023-12-13 11:17:26 [32mINFO [0;39m] [restartedMain] [com.project.test.Application] [36mStarting Application using Java 17.0.8.1 with PID 10420 (D:\1st_project_test\target\classes started by Administrator in D:\1st_project_test)[0;39m
[2023-12-13 11:17:26 [32mINFO [0;39m] [restartedMain] [com.project.test.Application] [36mNo active profile set, falling back to 1 default profile: "default"[0;39m
[2023-12-13 11:17:26 [32mINFO [0;39m] [restartedMain] [org.springframework.boot.web.embedded.tomcat.TomcatWebServer] [36mTomcat initialized with port 8080 (http)[0;39m
[2023-12-13 11:17:26 [32mINFO [0;39m] [restartedMain] [org.apache.coyote.http11.Http11NioProtocol] [36mInitializing ProtocolHandler ["http-nio-8080"][0;39m
[2023-12-13 11:17:26 [32mINFO [0;39m] [restartedMain] [org.apache.catalina.core.StandardService] [36mStarting service [Tomcat][0;39m
[2023-12-13 11:17:26 [32mINFO [0;39m] [restartedMain] [org.apache.catalina.core.StandardEngine] [36mStarting Servlet engine: [Apache Tomcat/10.1.16][0;39m
[2023-12-13 11:17:26 [32mINFO [0;39m] [restartedMain] [org.apache.catalina.core.ContainerBase.[Tomcat].[localhost].[/]] [36mInitializing Spring embedded WebApplicationContext[0;39m
[2023-12-13 11:17:26 [32mINFO [0;39m] [restartedMain] [org.springframework.boot.web.servlet.context.ServletWebServerApplicationContext] [36mRoot WebApplicationContext: initialization completed in 181 ms[0;39m
[2023-12-13 11:17:26 [32mINFO [0;39m] [restartedMain] [org.springframework.boot.devtools.autoconfigure.OptionalLiveReloadServer] [36mLiveReload server is running on port 35729[0;39m
[2023-12-13 11:17:26 [32mINFO [0;39m] [restartedMain] [org.apache.coyote.http11.Http11NioProtocol] [36mStarting ProtocolHandler ["http-nio-8080"][0;39m
[2023-12-13 11:17:26 [32mINFO [0;39m] [restartedMain] [org.springframework.boot.web.embedded.tomcat.TomcatWebServer] [36mTomcat started on port 8080 (http) with context path ''[0;39m
[2023-12-13 11:17:26 [32mINFO [0;39m] [restartedMain] [com.project.test.Application] [36mStarted Application in 0.321 seconds (process running for 254.854)[0;39m
[2023-12-13 11:17:26 [32mINFO [0;39m] [restartedMain] [org.springframework.boot.devtools.autoconfigure.ConditionEvaluationDeltaLoggingListener] [36mCondition evaluation unchanged[0;39m
[2023-12-13 11:17:27 [32mINFO [0;39m] [File Watcher] [org.springframework.boot.devtools.autoconfigure.LocalDevToolsAutoConfiguration$RestartingClassPathChangeChangedEventListener] [36mRestarting due to 1 class path change (1 addition, 0 deletions, 0 modifications)[0;39m
[2023-12-13 11:17:27 [32mINFO [0;39m] [Thread-15] [org.apache.coyote.http11.Http11NioProtocol] [36mStopping ProtocolHandler ["http-nio-8080"][0;39m
[2023-12-13 11:17:27 [32mINFO [0;39m] [restartedMain] [com.project.test.Application] [36mStarting Application using Java 17.0.8.1 with PID 10420 (D:\1st_project_test\target\classes started by Administrator in D:\1st_project_test)[0;39m
[2023-12-13 11:17:27 [32mINFO [0;39m] [restartedMain] [com.project.test.Application] [36mNo active profile set, falling back to 1 default profile: "default"[0;39m
[2023-12-13 11:17:27 [32mINFO [0;39m] [restartedMain] [org.springframework.boot.web.embedded.tomcat.TomcatWebServer] [36mTomcat initialized with port 8080 (http)[0;39m
[2023-12-13 11:17:27 [32mINFO [0;39m] [restartedMain] [org.apache.coyote.http11.Http11NioProtocol] [36mInitializing ProtocolHandler ["http-nio-8080"][0;39m
[2023-12-13 11:17:27 [32mINFO [0;39m] [restartedMain] [org.apache.catalina.core.StandardService] [36mStarting service [Tomcat][0;39m
[2023-12-13 11:17:27 [32mINFO [0;39m] [restartedMain] [org.apache.catalina.core.StandardEngine] [36mStarting Servlet engine: [Apache Tomcat/10.1.16][0;39m
[2023-12-13 11:17:27 [32mINFO [0;39m] [restartedMain] [org.apache.catalina.core.ContainerBase.[Tomcat].[localhost].[/]] [36mInitializing Spring embedded WebApplicationContext[0;39m
[2023-12-13 11:17:27 [32mINFO [0;39m] [restartedMain] [org.springframework.boot.web.servlet.context.ServletWebServerApplicationContext] [36mRoot WebApplicationContext: initialization completed in 141 ms[0;39m
[2023-12-13 11:17:28 [32mINFO [0;39m] [restartedMain] [org.springframework.boot.devtools.autoconfigure.OptionalLiveReloadServer] [36mLiveReload server is running on port 35729[0;39m
[2023-12-13 11:17:28 [32mINFO [0;39m] [restartedMain] [org.apache.coyote.http11.Http11NioProtocol] [36mStarting ProtocolHandler ["http-nio-8080"][0;39m
[2023-12-13 11:17:28 [32mINFO [0;39m] [restartedMain] [org.springframework.boot.web.embedded.tomcat.TomcatWebServer] [36mTomcat started on port 8080 (http) with context path ''[0;39m
[2023-12-13 11:17:28 [32mINFO [0;39m] [restartedMain] [com.project.test.Application] [36mStarted Application in 0.255 seconds (process running for 256.567)[0;39m
[2023-12-13 11:17:28 [32mINFO [0;39m] [restartedMain] [org.springframework.boot.devtools.autoconfigure.ConditionEvaluationDeltaLoggingListener] [36mCondition evaluation unchanged[0;39m
[2023-12-13 11:27:58 [32mINFO [0;39m] [File Watcher] [org.springframework.boot.devtools.autoconfigure.LocalDevToolsAutoConfiguration$RestartingClassPathChangeChangedEventListener] [36mRestarting due to 4 class path changes (0 additions, 0 deletions, 4 modifications)[0;39m
[2023-12-13 11:27:58 [32mINFO [0;39m] [Thread-19] [org.apache.coyote.http11.Http11NioProtocol] [36mStopping ProtocolHandler ["http-nio-8080"][0;39m
[2023-12-13 11:27:58 [32mINFO [0;39m] [restartedMain] [com.project.test.Application] [36mStarting Application using Java 17.0.8.1 with PID 10420 (D:\1st_project_test\target\classes started by Administrator in D:\1st_project_test)[0;39m
[2023-12-13 11:27:58 [32mINFO [0;39m] [restartedMain] [com.project.test.Application] [36mNo active profile set, falling back to 1 default profile: "default"[0;39m
[2023-12-13 11:27:58 [32mINFO [0;39m] [restartedMain] [org.springframework.boot.web.embedded.tomcat.TomcatWebServer] [36mTomcat initialized with port 8080 (http)[0;39m
[2023-12-13 11:27:58 [32mINFO [0;39m] [restartedMain] [org.apache.coyote.http11.Http11NioProtocol] [36mInitializing ProtocolHandler ["http-nio-8080"][0;39m
[2023-12-13 11:27:58 [32mINFO [0;39m] [restartedMain] [org.apache.catalina.core.StandardService] [36mStarting service [Tomcat][0;39m
[2023-12-13 11:27:58 [32mINFO [0;39m] [restartedMain] [org.apache.catalina.core.StandardEngine] [36mStarting Servlet engine: [Apache Tomcat/10.1.16][0;39m
[2023-12-13 11:27:58 [32mINFO [0;39m] [restartedMain] [org.apache.catalina.core.ContainerBase.[Tomcat].[localhost].[/]] [36mInitializing Spring embedded WebApplicationContext[0;39m
[2023-12-13 11:27:58 [32mINFO [0;39m] [restartedMain] [org.springframework.boot.web.servlet.context.ServletWebServerApplicationContext] [36mRoot WebApplicationContext: initialization completed in 143 ms[0;39m
[2023-12-13 11:27:58 [32mINFO [0;39m] [restartedMain] [org.springframework.boot.devtools.autoconfigure.OptionalLiveReloadServer] [36mLiveReload server is running on port 35729[0;39m
[2023-12-13 11:27:58 [32mINFO [0;39m] [restartedMain] [org.apache.coyote.http11.Http11NioProtocol] [36mStarting ProtocolHandler ["http-nio-8080"][0;39m
[2023-12-13 11:27:58 [32mINFO [0;39m] [restartedMain] [org.springframework.boot.web.embedded.tomcat.TomcatWebServer] [36mTomcat started on port 8080 (http) with context path ''[0;39m
[2023-12-13 11:27:58 [32mINFO [0;39m] [restartedMain] [com.project.test.Application] [36mStarted Application in 0.257 seconds (process running for 887.098)[0;39m
[2023-12-13 11:27:58 [32mINFO [0;39m] [restartedMain] [org.springframework.boot.devtools.autoconfigure.ConditionEvaluationDeltaLoggingListener] [36mCondition evaluation unchanged[0;39m
[2023-12-13 11:27:59 [32mINFO [0;39m] [http-nio-8080-exec-1] [org.apache.catalina.core.ContainerBase.[Tomcat].[localhost].[/]] [36mInitializing Spring DispatcherServlet 'dispatcherServlet'[0;39m
[2023-12-13 11:27:59 [32mINFO [0;39m] [http-nio-8080-exec-1] [org.springframework.web.servlet.DispatcherServlet] [36mInitializing Servlet 'dispatcherServlet'[0;39m
[2023-12-13 11:27:59 [32mINFO [0;39m] [http-nio-8080-exec-1] [org.springframework.web.servlet.DispatcherServlet] [36mCompleted initialization in 1 ms[0;39m
[2023-12-13 11:27:59 [32mINFO [0;39m] [http-nio-8080-exec-3] [org.springdoc.api.AbstractOpenApiResource] [36mInit duration for springdoc-openapi is: 37 ms[0;39m
[2023-12-13 11:52:24 [32mINFO [0;39m] [File Watcher] [org.springframework.boot.devtools.autoconfigure.LocalDevToolsAutoConfiguration$RestartingClassPathChangeChangedEventListener] [36mRestarting due to 2 class path changes (0 additions, 1 deletion, 1 modification)[0;39m
[2023-12-13 11:52:24 [32mINFO [0;39m] [Thread-23] [org.apache.coyote.http11.Http11NioProtocol] [36mStopping ProtocolHandler ["http-nio-8080"][0;39m
[2023-12-13 11:52:24 [32mINFO [0;39m] [restartedMain] [com.project.test.Application] [36mStarting Application using Java 17.0.8.1 with PID 10420 (D:\1st_project_test\target\classes started by Administrator in D:\1st_project_test)[0;39m
[2023-12-13 11:52:24 [32mINFO [0;39m] [restartedMain] [com.project.test.Application] [36mNo active profile set, falling back to 1 default profile: "default"[0;39m
[2023-12-13 11:52:24 [32mINFO [0;39m] [restartedMain] [org.springframework.boot.web.embedded.tomcat.TomcatWebServer] [36mTomcat initialized with port 8080 (http)[0;39m
[2023-12-13 11:52:24 [32mINFO [0;39m] [restartedMain] [org.apache.coyote.http11.Http11NioProtocol] [36mInitializing ProtocolHandler ["http-nio-8080"][0;39m
[2023-12-13 11:52:24 [32mINFO [0;39m] [restartedMain] [org.apache.catalina.core.StandardService] [36mStarting service [Tomcat][0;39m
[2023-12-13 11:52:24 [32mINFO [0;39m] [restartedMain] [org.apache.catalina.core.StandardEngine] [36mStarting Servlet engine: [Apache Tomcat/10.1.16][0;39m
[2023-12-13 11:52:24 [32mINFO [0;39m] [restartedMain] [org.apache.catalina.core.ContainerBase.[Tomcat].[localhost].[/]] [36mInitializing Spring embedded WebApplicationContext[0;39m
[2023-12-13 11:52:24 [32mINFO [0;39m] [restartedMain] [org.springframework.boot.web.servlet.context.ServletWebServerApplicationContext] [36mRoot WebApplicationContext: initialization completed in 186 ms[0;39m
[2023-12-13 11:52:24 [32mINFO [0;39m] [restartedMain] [org.springframework.boot.devtools.autoconfigure.OptionalLiveReloadServer] [36mLiveReload server is running on port 35729[0;39m
[2023-12-13 11:52:24 [32mINFO [0;39m] [restartedMain] [org.apache.coyote.http11.Http11NioProtocol] [36mStarting ProtocolHandler ["http-nio-8080"][0;39m
[2023-12-13 11:52:24 [32mINFO [0;39m] [restartedMain] [org.springframework.boot.web.embedded.tomcat.TomcatWebServer] [36mTomcat started on port 8080 (http) with context path ''[0;39m
[2023-12-13 11:52:24 [32mINFO [0;39m] [restartedMain] [com.project.test.Application] [36mStarted Application in 0.338 seconds (process running for 2353.222)[0;39m
[2023-12-13 11:52:24 [32mINFO [0;39m] [restartedMain] [org.springframework.boot.devtools.autoconfigure.ConditionEvaluationDeltaLoggingListener] [36mCondition evaluation unchanged[0;39m
[2023-12-13 11:52:26 [32mINFO [0;39m] [File Watcher] [org.springframework.boot.devtools.autoconfigure.LocalDevToolsAutoConfiguration$RestartingClassPathChangeChangedEventListener] [36mRestarting due to 1 class path change (1 addition, 0 deletions, 0 modifications)[0;39m
[2023-12-13 11:52:26 [32mINFO [0;39m] [Thread-27] [org.apache.coyote.http11.Http11NioProtocol] [36mStopping ProtocolHandler ["http-nio-8080"][0;39m
[2023-12-13 11:52:26 [32mINFO [0;39m] [restartedMain] [com.project.test.Application] [36mStarting Application using Java 17.0.8.1 with PID 10420 (D:\1st_project_test\target\classes started by Administrator in D:\1st_project_test)[0;39m
[2023-12-13 11:52:26 [32mINFO [0;39m] [restartedMain] [com.project.test.Application] [36mNo active profile set, falling back to 1 default profile: "default"[0;39m
[2023-12-13 11:52:26 [32mINFO [0;39m] [restartedMain] [org.springframework.boot.web.embedded.tomcat.TomcatWebServer] [36mTomcat initialized with port 8080 (http)[0;39m
[2023-12-13 11:52:26 [32mINFO [0;39m] [restartedMain] [org.apache.coyote.http11.Http11NioProtocol] [36mInitializing ProtocolHandler ["http-nio-8080"][0;39m
[2023-12-13 11:52:26 [32mINFO [0;39m] [restartedMain] [org.apache.catalina.core.StandardService] [36mStarting service [Tomcat][0;39m
[2023-12-13 11:52:26 [32mINFO [0;39m] [restartedMain] [org.apache.catalina.core.StandardEngine] [36mStarting Servlet engine: [Apache Tomcat/10.1.16][0;39m
[2023-12-13 11:52:26 [32mINFO [0;39m] [restartedMain] [org.apache.catalina.core.ContainerBase.[Tomcat].[localhost].[/]] [36mInitializing Spring embedded WebApplicationContext[0;39m
[2023-12-13 11:52:26 [32mINFO [0;39m] [restartedMain] [org.springframework.boot.web.servlet.context.ServletWebServerApplicationContext] [36mRoot WebApplicationContext: initialization completed in 148 ms[0;39m
[2023-12-13 11:52:26 [32mINFO [0;39m] [restartedMain] [org.springframework.boot.devtools.autoconfigure.OptionalLiveReloadServer] [36mLiveReload server is running on port 35729[0;39m
[2023-12-13 11:52:26 [32mINFO [0;39m] [restartedMain] [org.apache.coyote.http11.Http11NioProtocol] [36mStarting ProtocolHandler ["http-nio-8080"][0;39m
[2023-12-13 11:52:26 [32mINFO [0;39m] [restartedMain] [org.springframework.boot.web.embedded.tomcat.TomcatWebServer] [36mTomcat started on port 8080 (http) with context path ''[0;39m
[2023-12-13 11:52:26 [32mINFO [0;39m] [restartedMain] [com.project.test.Application] [36mStarted Application in 0.272 seconds (process running for 2354.932)[0;39m
[2023-12-13 11:52:26 [32mINFO [0;39m] [restartedMain] [org.springframework.boot.devtools.autoconfigure.ConditionEvaluationDeltaLoggingListener] [36mCondition evaluation unchanged[0;39m
[2023-12-13 14:51:34 [32mINFO [0;39m] [restartedMain] [com.project.test.Application] [36mStarting Application using Java 17.0.8.1 with PID 10412 (D:\1st_project_test\target\classes started by Administrator in D:\1st_project_test)[0;39m
[2023-12-13 14:51:34 [32mINFO [0;39m] [restartedMain] [com.project.test.Application] [36mNo active profile set, falling back to 1 default profile: "default"[0;39m
[2023-12-13 14:51:35 [32mINFO [0;39m] [restartedMain] [org.springframework.boot.devtools.env.DevToolsPropertyDefaultsPostProcessor] [36mDevtools property defaults active! Set 'spring.devtools.add-properties' to 'false' to disable[0;39m
[2023-12-13 14:51:35 [32mINFO [0;39m] [restartedMain] [org.springframework.boot.devtools.env.DevToolsPropertyDefaultsPostProcessor] [36mFor additional web related logging consider setting the 'logging.level.web' property to 'DEBUG'[0;39m
[2023-12-13 14:51:35 [32mINFO [0;39m] [restartedMain] [org.springframework.boot.web.embedded.tomcat.TomcatWebServer] [36mTomcat initialized with port 8080 (http)[0;39m
[2023-12-13 14:51:35 [32mINFO [0;39m] [restartedMain] [org.apache.coyote.http11.Http11NioProtocol] [36mInitializing ProtocolHandler ["http-nio-8080"][0;39m
[2023-12-13 14:51:35 [32mINFO [0;39m] [restartedMain] [org.apache.catalina.core.StandardService] [36mStarting service [Tomcat][0;39m
[2023-12-13 14:51:35 [32mINFO [0;39m] [restartedMain] [org.apache.catalina.core.StandardEngine] [36mStarting Servlet engine: [Apache Tomcat/10.1.16][0;39m
[2023-12-13 14:51:35 [32mINFO [0;39m] [restartedMain] [org.apache.catalina.core.ContainerBase.[Tomcat].[localhost].[/]] [36mInitializing Spring embedded WebApplicationContext[0;39m
[2023-12-13 14:51:35 [32mINFO [0;39m] [restartedMain] [org.springframework.boot.web.servlet.context.ServletWebServerApplicationContext] [36mRoot WebApplicationContext: initialization completed in 844 ms[0;39m
[2023-12-13 14:51:36 [32mINFO [0;39m] [restartedMain] [org.springframework.boot.devtools.autoconfigure.OptionalLiveReloadServer] [36mLiveReload server is running on port 35729[0;39m
[2023-12-13 14:51:36 [32mINFO [0;39m] [restartedMain] [org.apache.coyote.http11.Http11NioProtocol] [36mStarting ProtocolHandler ["http-nio-8080"][0;39m
[2023-12-13 14:51:36 [32mINFO [0;39m] [restartedMain] [org.springframework.boot.web.embedded.tomcat.TomcatWebServer] [36mTomcat started on port 8080 (http) with context path ''[0;39m
[2023-12-13 14:51:36 [32mINFO [0;39m] [restartedMain] [com.project.test.Application] [36mStarted Application in 1.737 seconds (process running for 2.143)[0;39m
[2023-12-13 14:51:38 [32mINFO [0;39m] [http-nio-8080-exec-1] [org.apache.catalina.core.ContainerBase.[Tomcat].[localhost].[/]] [36mInitializing Spring DispatcherServlet 'dispatcherServlet'[0;39m
[2023-12-13 14:51:38 [32mINFO [0;39m] [http-nio-8080-exec-1] [org.springframework.web.servlet.DispatcherServlet] [36mInitializing Servlet 'dispatcherServlet'[0;39m
[2023-12-13 14:51:38 [32mINFO [0;39m] [http-nio-8080-exec-1] [org.springframework.web.servlet.DispatcherServlet] [36mCompleted initialization in 1 ms[0;39m
[2023-12-13 14:51:38 [32mINFO [0;39m] [http-nio-8080-exec-3] [org.springdoc.api.AbstractOpenApiResource] [36mInit duration for springdoc-openapi is: 156 ms[0;39m
[2023-12-13 14:51:42 [32mINFO [0;39m] [http-nio-8080-exec-2] [com.zaxxer.hikari.HikariDataSource] [36mHikariPool-1 - Starting...[0;39m
[2023-12-13 14:51:42 [32mINFO [0;39m] [http-nio-8080-exec-2] [com.zaxxer.hikari.pool.HikariPool] [36mHikariPool-1 - Added connection org.mariadb.jdbc.Connection@7c3284db[0;39m
[2023-12-13 14:51:42 [32mINFO [0;39m] [http-nio-8080-exec-2] [com.zaxxer.hikari.HikariDataSource] [36mHikariPool-1 - Start completed.[0;39m
[2023-12-13 15:05:32 [32mINFO [0;39m] [SpringApplicationShutdownHook] [com.zaxxer.hikari.HikariDataSource] [36mHikariPool-1 - Shutdown initiated...[0;39m
[2023-12-13 15:05:32 [32mINFO [0;39m] [SpringApplicationShutdownHook] [com.zaxxer.hikari.HikariDataSource] [36mHikariPool-1 - Shutdown completed.[0;39m
